#sd-common-log-1.0
# ZealCore Common Log Format

# Artifacts/Resources
#------------------------------------------
type Task      id:int  name:String
#------------------------------------------ 
Task           42      'idle'
Task           13      'interr_A'
Task           14      'interr_B'
Task           41      'monitor'
Task           51      'worker1'
Task           52      'worker2'

# Events
#-------------------------------------------------------------
type TaskSwitch      ts:long               out:Task.id     in:Task.id
type MeasureEvent    ts:long               value:float
type SystemMessage   ts:long               message:String
#-------------------------------------------------------------
TaskSwitch           1175086560900004561   51              52
TaskSwitch           1175086560915001023   52              42
TaskSwitch           1175086560930001562   42              41
MeasureEvent         1175086560935058962   20.3456
TaskSwitch           1175086560940030550   41              13
TaskSwitch           1175086560977053124   13              51
TaskSwitch           1175086560978099988   51              52
TaskSwitch           1175086560993087471   52              42
TaskSwitch           1175086561007024561   42              14
TaskSwitch           1175086561023010659   14              41
TaskSwitch           1175086561024123889   41              51

TaskSwitch           1175086561061005256   51              52
TaskSwitch           1175086561076005250   52              42
TaskSwitch           1175086561091045621   42              41
MeasureEvent         1175086561097001123   30.9740
TaskSwitch           1175086561101022290   41              13
TaskSwitch           1175086561133015681   13              51
TaskSwitch           1175086561134012523   51              52
TaskSwitch           1175086561149058999   52              42
TaskSwitch           1175086561164022151   42              14
TaskSwitch           1175086561175111202   14              41
TaskSwitch           1175086561183024005   41              51

TaskSwitch           1175086561198109689   51              52
TaskSwitch           1175086561213950065   52              42
TaskSwitch           1175086561230123189   42              41
MeasureEvent         1175086561238025485   50.9523
TaskSwitch           1175086561240555169   41              13
TaskSwitch           1175086561241033385   13              51
SystemMessage        1175086561245089897   'WARNING - High Temperature detected!'
TaskSwitch           1175086561257566221   51              52
TaskSwitch           1175086561271026588   52              42
TaskSwitch           1175086561301990885   42              14
TaskSwitch           1175086561302988841   14              41
TaskSwitch           1175086561320561122   41              51

TaskSwitch           1175086561470132480   51              52
TaskSwitch           1175086561630898945   52              42
TaskSwitch           1175086561683156139   42              41
MeasureEvent         1175086561740133244   90.0062
TaskSwitch           1175086561750159450   41              13
TaskSwitch           1175086561765648113   13              51
SystemMessage        1175086561851239849   'FATAL ERROR: Temperature limit reached - shutting down!'
