Tool: print_spooler
Version: 2.0
StopTime: 2007-03-29 11:44:13:777601


2007-03-29 11:37:20:609288 (null) 0 0xd667e78 Status 0 from iomgrinstall simFBC
2007-03-29 11:37:20:609313 (null) 0 0xd667e78 Status 0 from creat /simfbc/SIM1:
2007-03-29 11:37:20:609332 (null) 0 0xd667e78 Status 0 from creat /simfbc/SIM2:
2007-03-29 11:37:20:609347 (null) 0 0xd667e78 Status 0 from ifvc VC_RCC_SKIP1
2007-03-29 11:37:20:609372 (null) 0 0xd667e78 Status 0 from invoke read_init
2007-03-29 11:37:20:617042 (null) 0 0xd667e78 Status 0 from invoke fpgar11_init
2007-03-29 11:37:20:617073 (null) 0 0xd667e78 Status 0 from iomgrinstall rccfbc
2007-03-29 11:37:20:647016 (null) 0 0xd667e78 Status 0 from creat /rccfbc/LOC1:
2007-03-29 11:37:20:647097 (null) 0 0xd667e78 Status 0 from task LOCALBUS
2007-03-29 11:37:20:647123 (null) 0 0xd667e78 Status 0 from readparam /LOC1:/bus_read
2007-03-29 11:37:20:647127 (null) 0 0xd667e78 Goto to label: VC_RCC_SKIP2
2007-03-29 11:37:20:647131 (null) 0 0xd667e78 Status 0 from goto VC_RCC_SKIP2
2007-03-29 11:37:20:647153 (null) 0 0xd667e78 Status 0 from iomgrinstall UserSio
2007-03-29 11:37:20:647323 (null) 0 0xd667e78 Status 0 from creat /usersio/SIO1:
2007-03-29 11:37:20:654265 (null) 0 0xd667e78 Status 0 from fileexist /hd0a/6004timestamp/INTERNAL/opt_l0.cmd
2007-03-29 11:37:20:654270 (null) 0 0xd667e78 Goto to label: NEXT_STEP
2007-03-29 11:37:20:654273 (null) 0 0xd667e78 Status 0 from goto NEXT_STEP
2007-03-29 11:37:20:657244 (null) 0 0xd667e78 Status 0 from init eio
2007-03-29 11:37:20:657273 (null) 0 0xd667e78 Status 0 from init sio
2007-03-29 11:37:20:658347 (null) 0 0xd667e78 Status 0 from init motion
2007-03-29 11:37:20:658405 (null) 0 0xd667e78 [RAPID RULES] : CFG types installed
2007-03-29 11:37:20:658408 (null) 0 0xd667e78 Status 0 from init cab
2007-03-29 11:37:20:658530 (null) 0 0xd667e78 Status 0 from task alarmts
2007-03-29 11:37:20:658544 (null) 0 0xd667e78 Status 0 from ifvc VC_CABSUPTS_SKIP
2007-03-29 11:37:20:658601 (null) 0 0xd667e78 Status 0 from task cabsupts
2007-03-29 11:37:20:658645 (null) 0 0xd667e78 Status 0 from task pstopts
2007-03-29 11:37:20:658694 (null) 0 0xd667e78 Status 0 from task rhaltts
2007-03-29 11:37:20:658773 (null) 0 0xd667e78 Status 0 from task eiocrsts
2007-03-29 11:37:20:658864 (null) 0 0xd667e78 Status 0 from task eiots
2007-03-29 11:37:20:658933 (null) 0 0xd667e78 Status 0 from task eioadmts
2007-03-29 11:37:20:664908 (null) 0 0xd365d38 Unit PANEL contacted
2007-03-29 11:37:20:664938 (null) 0 0xd667e78 Status 0 from reconfigure eio
2007-03-29 11:37:20:665058 (null) 0 0xd667e78 Status 0 from io_synchronize

2007-03-29 11:37:20:665156 (null) 0 0xd667e78 Status 0 from reconfigure sio

2007-03-29 11:37:20:665241 (null) 0 0xd667e78 Status 0 from task safevtts

2007-03-29 11:37:20:665299 (null) 0 0xd667e78 Status 0 from task safcycts

2007-03-29 11:37:20:665356 (null) 0 0xd667e78 Status 0 from task sysevtts

2007-03-29 11:37:20:665446 (null) 0 0xd667e78 Status 0 from task ipolts0

2007-03-29 11:37:20:665536 (null) 0 0xd667e78 Status 0 from task ipolts1

2007-03-29 11:37:20:665626 (null) 0 0xd667e78 Status 0 from task ipolts2

2007-03-29 11:37:20:665713 (null) 0 0xd667e78 Status 0 from task ipolts3

2007-03-29 11:37:20:665811 (null) 0 0xd667e78 Status 0 from task ipolts4

2007-03-29 11:37:20:665918 (null) 0 0xd667e78 Status 0 from task ipolts5

2007-03-29 11:37:20:672513 (null) 0 0xd667e78 Status 0 from task statmats

2007-03-29 11:37:20:672585 (null) 0 0xd667e78 Status 0 from task sens_memts

2007-03-29 11:37:20:672740 (null) 0 0xd667e78 Status 0 from task servots0

2007-03-29 11:37:20:672886 (null) 0 0xd667e78 Status 0 from task servots1

2007-03-29 11:37:20:673058 (null) 0 0xd667e78 Status 0 from task servots2

2007-03-29 11:37:20:673236 (null) 0 0xd667e78 Status 0 from task servots3

2007-03-29 11:37:20:673397 (null) 0 0xd667e78 Status 0 from task servots4

2007-03-29 11:37:20:673557 (null) 0 0xd667e78 Status 0 from task servots5

2007-03-29 11:37:20:673673 (null) 0 0xd667e78 Status 0 from task refmats

2007-03-29 11:37:20:673689 (null) 0 0xd667e78 Status 0 from ifvc VC_SKIP_SIS

2007-03-29 11:37:20:673759 (null) 0 0xd667e78 Status 0 from task sismats

2007-03-29 11:37:20:673867 (null) 0 0xd667e78 Status 0 from task bcalcts

2007-03-29 11:37:20:673989 (null) 0 0xd2523ec [LOGSRV] RAW used as format

2007-03-29 11:37:20:673996 (null) 0 0xd667e78 Status 0 from task logsrvts

2007-03-29 11:37:20:674017 (null) 0 0xd667e78 Status 0 from ifvc RW_MOTION_END

2007-03-29 11:37:20:674067 (null) 0 0xd667e78 Status 0 from task com_rec_fdbts

2007-03-29 11:37:20:674116 (null) 0 0xd667e78 Status 0 from task axc_failts

2007-03-29 11:37:20:674202 (null) 0 0xd667e78 Status 0 from task peventts

2007-03-29 11:37:20:674306 (null) 0 0xd667e78 Status 0 from task rloadts

2007-03-29 11:37:20:701254 (null) 0 0xd667e78 Status 0 from task pusts

2007-03-29 11:37:20:721578 (null) 0 0xd667e78 Status 0 from task barts

2007-03-29 11:37:20:766301 (null) 0 0xd667e78 Status 0 from task rlcomts

2007-03-29 11:37:20:809939 (null) 0 0xd667e78 Status 0 from task rlsocketts

2007-03-29 11:37:20:873459 (null) 0 0xd667e78 Status 0 from task cabts

2007-03-29 11:37:20:895242 (null) 0 0xd667e78 Status 0 from task hpjts

2007-03-29 11:37:20:937847 (null) 0 0xd1e6724 netcmdts_rcl: No clients are detected; do nothing.

2007-03-29 11:37:20:937851 (null) 0 0xd667e78 Status 0 from task netcmd_axc

2007-03-29 11:37:20:980483 (null) 0 0xd667e78 Status 0 from task elog_axctsr

2007-03-29 11:37:21:2270 (null) 0 0xd667e78 Status 0 from synchronize task

2007-03-29 11:37:21:544009 (null) 0 0xd667e78 Status 0 from delay

2007-03-29 11:37:21:545790 (null) 0 0xd667e78 Status 0 from go task

2007-03-29 11:37:21:545820 (null) 0 0xd667e78 Status 0 from ifvc VC_AXC_SKIP

2007-03-29 11:37:21:545831 (null) 0 0xd667e78 Status 0 from netcmd_run

2007-03-29 11:37:21:545960 (null) 0 0xd667e78 Status 0 from fileexist /hd0a/6004timestamp/INTERNAL/option.cmd

2007-03-29 11:37:21:545968 (null) 0 0xd667e78 Goto to label: NEXT_STEP

2007-03-29 11:37:21:545972 (null) 0 0xd667e78 Status 0 from goto NEXT_STEP

2007-03-29 11:37:21:545979 (null) 0 0xd667e78 Status 0 from ifvc VC_AXC_SKIP

2007-03-29 11:37:21:546021 (null) 0 0xd667e78 Status 0 from invoke axcfirmw_install_devices_hook

2007-03-29 11:37:21:546033 (null) 0 0xd667e78 Check AXC board firmware version ...

2007-03-29 11:37:21:546035 (null) 0 0xd667e78 Status 0 from print

2007-03-29 11:37:21:546089 (null) 0 0xd667e78 Status 0 from invoke netcmd_upgrade

2007-03-29 11:37:21:580034 (null) 0 0xd1e6494 

Creating socket...


2007-03-29 11:37:21:580105 (null) 0 0xd667e78 Simulated moc_io. (moc_io_sim.c)

2007-03-29 11:37:21:580108 (null) 0 0xd667e78 No power fail! No ipc handling!

2007-03-29 11:37:21:585130 (null) 0 0xd5e89d0 Unit DRV_1 contacted

2007-03-29 11:37:21:603736 (null) 0 0xd667e78 Wait for AXC sync...

2007-03-29 11:37:22:103016 (null) 0 0xd667e78 Wait for AXC sync...

2007-03-29 11:37:22:603017 (null) 0 0xd667e78 Wait for AXC sync...

2007-03-29 11:37:24:748087 (null) 0 0xd5f7538 
07-03-29  11:37:23 MC0: type = WARNING id = MOTION code = 297

2007-03-29 11:37:24:748121 (null) 0 0xd5f7538 
arg 0: ROB_1

2007-03-29 11:37:24:748128 (null) 0 0xd5f7538 

2007-03-29 11:37:24:748210 (null) 0 0xd2f29d8 STATMATS. New relay: rob1_run

2007-03-29 11:37:24:748217 (null) 0 0xd2f29d8 STATMATS. New relay: rob1_run2

2007-03-29 11:37:24:748227 (null) 0 0xd2f29d8 STATMATS. New motion_planner: motion_planner_1

2007-03-29 11:37:24:748235 (null) 0 0xd2f29d8 STATMATS. New motion_planner: motion_planner_2

2007-03-29 11:37:24:748242 (null) 0 0xd2f29d8 STATMATS. New motion_planner: motion_planner_3

2007-03-29 11:37:24:748248 (null) 0 0xd2f29d8 STATMATS. New motion_planner: motion_planner_4

2007-03-29 11:37:24:748255 (null) 0 0xd2f29d8 STATMATS. New motion_planner: motion_planner_5

2007-03-29 11:37:24:748262 (null) 0 0xd2f29d8 STATMATS. New motion_planner: motion_planner_6

2007-03-29 11:37:24:748510 (null) 0 0xd2610a4 SISMS_BS_INFO 40336

2007-03-29 11:37:24:748544 (null) 0 0xd667e78 Status 0 from new motion

2007-03-29 11:37:26:248088 (null) 0 0xd667e78 Status 0 from delay

2007-03-29 11:37:26:248160 (null) 0 0xd667e78 Status 0 from connect_dependings SYS_STORED_OBJ_CAB

2007-03-29 11:37:26:248174 (null) 0 0xd667e78 Status 0 from if SYNCROB

2007-03-29 11:37:26:248185 (null) 0 0xd667e78 Goto to label: NOSYNC

2007-03-29 11:37:26:248194 (null) 0 0xd667e78 Status 0 from goto NOSYNC

2007-03-29 11:37:26:941642 (null) 0 0xd5f7538 
07-03-29  11:37:25 MC0: type = STATE_CHANGE id = OPERATIONAL code = 155

2007-03-29 11:37:26:941785 (null) 0 0xd5f7538 arg 0: 1 
2007-03-29 11:37:26:941787 (null) 0 0xd5f7538 
arg 1: T_ROB1

2007-03-29 11:37:26:941788 (null) 0 0xd5f7538 

2007-03-29 11:37:26:941796 (null) 0 0xd5f7538 
07-03-29  11:37:25 MC0: type = STATE_CHANGE id = OPERATIONAL code = 10

2007-03-29 11:37:26:941797 (null) 0 0xd5f7538 

2007-03-29 11:37:26:941803 (null) 0 0xd5f7538 
07-03-29  11:37:25 MC0: type = STATE_CHANGE id = OPERATIONAL code = 17

2007-03-29 11:37:26:941804 (null) 0 0xd5f7538 

2007-03-29 11:37:26:941831 (null) 0 0xd667e78 Status 0 from new cab

2007-03-29 11:37:26:942849 (null) 0 0xd667e78 Status 0 from task robdispts

2007-03-29 11:37:26:945395 (null) 0 0xd667e78 Status 0 from task robesuts

2007-03-29 11:37:26:945672 (null) 0 0xd667e78 Status 0 from task robesuts_p

2007-03-29 11:37:26:971383 (null) 0 0xd667e78 Status 0 from task robcmdts

2007-03-29 11:37:26:973715 (null) 0 0xd667e78 Status 0 from task robayats

2007-03-29 11:37:26:975105 (null) 0 0xd667e78 Status 0 from task robrspts

2007-03-29 11:37:26:975626 (null) 0 0xd667e78 Status 0 from task robmasts

2007-03-29 11:37:26:977390 (null) 0 0xd667e78 Status 0 from task streamts

2007-03-29 11:37:26:978630 (null) 0 0xd667e78 Status 0 from task stream_readts1

2007-03-29 11:37:26:979043 (null) 0 0xd667e78 Status 0 from task stream_readts2

2007-03-29 11:37:27:15723 (null) 0 0xd667e78 Status 0 from fileexist /hd0a/6004timestamp/INTERNAL/opt_l2.cmd

2007-03-29 11:37:27:15746 (null) 0 0xd667e78 Goto to label: NEXT_STEP

2007-03-29 11:37:27:15750 (null) 0 0xd667e78 Status 0 from goto NEXT_STEP

2007-03-29 11:37:27:15898 (null) 0 0xd667e78 Status 0 from task ns_send

2007-03-29 11:37:27:15912 (null) 0 0xd667e78 Status 0 from ifvc NETSCANSKIP

2007-03-29 11:37:27:15979 (null) 0 0xd667e78 Status 0 from task ns_receive

2007-03-29 11:37:27:15989 (null) 0 0xd667e78 Status 0 from synchronize task

2007-03-29 11:37:27:17257 (null) 0 0xd667e78 Status 0 from cab_startup_ready

2007-03-29 11:37:27:21816 (null) 0 0xd667e78 Status 0 from go task

2007-03-29 11:37:27:22215 (null) 0 0xd667e78 Status 0 from invoke pscio_chanref_valid

2007-03-29 11:37:27:22230 (null) 0 0xd667e78 Status 0 from ifvc VTSPEED

2007-03-29 11:37:27:22234 (null) 0 0xd667e78 Goto to label: VTSPEED_END

2007-03-29 11:37:27:22239 (null) 0 0xd667e78 Status 0 from goto VTSPEED_END

2007-03-29 11:37:27:22249 (null) 0 0xd667e78 Status 0 from invoke upgrade_mode_set_safe

2007-03-29 11:37:27:22262 (null) 0 0xd667e78 Status 0 from sysdmp_add

2007-03-29 11:37:27:22278 (null) 0 0xd667e78 Status 0 from sysdmp_add

2007-03-29 11:37:27:22295 (null) 0 0xd667e78 Status 0 from sysdmp_add

2007-03-29 11:37:27:22307 (null) 0 0xd667e78 Status 0 from sysdmp_add

2007-03-29 11:37:27:22323 (null) 0 0xd667e78 Status 0 from sysdmp_add

2007-03-29 11:37:27:22628 (null) 0 0xd667e78 Status 0 from sysdmp_add

2007-03-29 11:37:27:22946 (null) 0 0xd667e78 Status 0 from sysdmp_add

2007-03-29 11:37:27:23256 (null) 0 0xd667e78 Status 0 from sysdmp_add

2007-03-29 11:37:27:23710 (null) 0 0xd667e78 Status 0 from sysdmp_add

2007-03-29 11:37:27:23861 (null) 0 0xd667e78 Status 0 from ifvc NO_BB_INIT

2007-03-29 11:37:27:26047 (null) 0 0xd667e78 Status 0 from task tBBRecInit

2007-03-29 11:37:27:26085 (null) 0 0xd667e78 Status 0 from sysdmp_add

2007-03-29 11:37:27:26097 (null) 0 0xd667e78 Status 0 from sysdmp_trigger_add

2007-03-29 11:37:27:26106 (null) 0 0xd667e78 Status 0 from sysdmp_trigger_add

2007-03-29 11:37:27:30054 (null) 0 0xd667e78 Status 0 from sysdmp_add_logfile

2007-03-29 11:37:27:30148 (null) 0 0xd667e78 Status 0 from sysdmp_add_logfile

2007-03-29 11:37:27:56390 (null) 0 0xd5f7538 
07-03-29  11:37:25 MC0: type = STATE_CHANGE id = OPERATIONAL code = 129

2007-03-29 11:37:27:56393 (null) 0 0xd5f7538 arg 0: 1 
2007-03-29 11:37:27:56395 (null) 0 0xd5f7538 
arg 1: T_ROB1

2007-03-29 11:37:27:56396 (null) 0 0xd5f7538 

2007-03-29 11:37:27:899420 (null) 0 0xd5f7538 
07-03-29  11:37:26 MC0: type = WARNING id = SYSTEM code = 573

2007-03-29 11:37:27:899422 (null) 0 0xd5f7538 

2007-03-29 11:37:27:899429 (null) 0 0xd667e78 Status 0 from systemrun

2007-03-29 11:37:27:899438 (null) 0 0xd667e78 Script end: /hd0a/6004timestamp/INTERNAL/startup.cmd

2007-03-29 11:37:28:253624 (null) 0 0xd667e78 
=============  Startup ready =============

2007-03-29 11:37:50:752830 (null) 0 0xd5f7538 
07-03-29  11:37:49 MC0: type = STATE_CHANGE id = OPERATIONAL code = 2

2007-03-29 11:37:50:752856 (null) 0 0xd5f7538 arg 0: 1 
2007-03-29 11:37:50:752860 (null) 0 0xd5f7538 arg 1: 0 
2007-03-29 11:37:50:752865 (null) 0 0xd5f7538 
arg 2: T_ROB1

2007-03-29 11:37:50:752869 (null) 0 0xd5f7538 

2007-03-29 11:37:53:406517 (null) 0 0xd5f7538 
07-03-29  11:37:51 MC0: type = STATE_CHANGE id = OPERATIONAL code = 11

2007-03-29 11:37:53:406539 (null) 0 0xd5f7538 

2007-03-29 11:37:55:374115 (null) 0 0xd5f7538 
07-03-29  11:37:53 MC0: type = WARNING id = HARDWARE code = 7045

2007-03-29 11:37:55:374142 (null) 0 0xd5f7538 arg 0: 0.000000 
2007-03-29 11:37:55:374146 (null) 0 0xd5f7538 

2007-03-29 11:37:56:103139 (null) 0 0xd5f7538 
07-03-29  11:37:54 MC0: type = STATE_CHANGE id = OPERATIONAL code = 52

2007-03-29 11:37:56:103161 (null) 0 0xd5f7538 arg 0: 0 
2007-03-29 11:37:56:103165 (null) 0 0xd5f7538 

2007-03-29 11:37:56:103175 (null) 0 0xd5f7538 
07-03-29  11:37:54 MC0: type = STATE_CHANGE id = OPERATIONAL code = 53

2007-03-29 11:37:56:103180 (null) 0 0xd5f7538 arg 0: 0 
2007-03-29 11:37:56:103183 (null) 0 0xd5f7538 

2007-03-29 11:37:56:103192 (null) 0 0xd5f7538 
07-03-29  11:37:54 MC0: type = STATE_CHANGE id = OPERATIONAL code = 151

2007-03-29 11:37:56:103197 (null) 0 0xd5f7538 arg 0: 1 
2007-03-29 11:37:56:103202 (null) 0 0xd5f7538 
arg 1: T_ROB1

2007-03-29 11:37:56:103205 (null) 0 0xd5f7538 

2007-03-29 11:38:11:45122 (null) 0 0xd5f7538 
07-03-29  11:38:09 MC0: type = WARNING id = HARDWARE code = 7054

2007-03-29 11:38:11:45146 (null) 0 0xd5f7538 arg 0: 0.000000 
2007-03-29 11:38:11:45150 (null) 0 0xd5f7538 

2007-03-29 11:44:05:619644 (null) 0 0xd5e47b8 (LOCALBUS): SYS FAIL - from rccfbc.c,2721

2007-03-29 11:44:05:620355 (null) 0 0xd5f7538 
07-03-29  11:44:03 MC0: type = ERROR id = HARDWARE code = 2530

2007-03-29 11:44:05:620360 (null) 0 0xd5f7538 

2007-03-29 11:44:05:620370 (null) 0 0xd5f7538 
07-03-29  11:44:03 MC0: type = STATE_CHANGE id = OPERATIONAL code = 14

2007-03-29 11:44:05:620374 (null) 0 0xd5f7538 

2007-03-29 11:44:05:620894 (null) 0 0xd5e89d0 Lost contact with unit PANEL

2007-03-29 11:44:05:631022 (null) 0 0xd5f7538 
07-03-29  11:44:03 MC0: type = STATE_CHANGE id = OPERATIONAL code = 125

2007-03-29 11:44:05:631036 (null) 0 0xd5f7538 arg 0: 1 
2007-03-29 11:44:05:631040 (null) 0 0xd5f7538 
arg 1: T_ROB1

2007-03-29 11:44:05:631044 (null) 0 0xd5f7538 
